<?xml version="1.0" encoding="UTF-8"?>
<!-- Generated by org.testng.reporters.JUnitReportReporter -->
<testsuite hostname="LAPTOP-PDIOTUFE" failures="0" tests="3" name="tests.CheckoutTest" time="35.164" errors="0" timestamp="2025-09-01T19:39:30 IST" skipped="0">
  <testcase classname="tests.CheckoutTest" name="validateCheckoutProcess" time="11.175"/>
  <testcase classname="tests.CheckoutTest" name="validateCheckoutWithoutDetails" time="10.726"/>
  <testcase classname="tests.CheckoutTest" name="validateCheckoutWithMultipleProducts" time="13.263"/>
</testsuite> <!-- tests.CheckoutTest -->
