<?xml version="1.0" encoding="UTF-8"?>
<!-- Generated by org.testng.reporters.JUnitReportReporter -->
<testsuite hostname="LAPTOP-PDIOTUFE" failures="0" tests="2" name="tests.LoginTest" time="16.002" errors="0" timestamp="2025-09-01T19:39:30 IST" skipped="0">
  <testcase classname="tests.LoginTest" name="testValidLogin" time="9.410"/>
  <testcase classname="tests.LoginTest" name="testInvalidLogin" time="6.592"/>
</testsuite> <!-- tests.LoginTest -->
