<?xml version="1.0" encoding="UTF-8"?>
<!-- Generated by org.testng.reporters.JUnitReportReporter -->
<testsuite hostname="LAPTOP-PDIOTUFE" failures="0" tests="3" name="tests.AddToCartTest" time="53.647" errors="0" timestamp="2025-09-01T19:39:29 IST" skipped="0">
  <testcase classname="tests.AddToCartTest" name="testAddSingleProductToCart" time="9.770"/>
  <testcase classname="tests.AddToCartTest" name="testAddMultipleProductsToCart" time="12.725"/>
  <testcase classname="tests.AddToCartTest" name="testRemoveProductFromCart" time="31.152"/>
</testsuite> <!-- tests.AddToCartTest -->
