<?xml version="1.0" encoding="UTF-8"?>
<!-- Generated by org.testng.reporters.JUnitReportReporter -->
<testsuite hostname="LAPTOP-PDIOTUFE" failures="0" tests="1" name="tests.SignUpTest" time="4.652" errors="0" timestamp="2025-09-01T19:39:30 IST" skipped="0">
  <testcase classname="tests.SignUpTest" name="testSignUp" time="4.652"/>
</testsuite> <!-- tests.SignUpTest -->
